TN:
SF:src\app.js
FN:13,(anonymous_0)
FN:22,(anonymous_1)
FN:31,(anonymous_2)
FN:37,(anonymous_3)
FN:45,(anonymous_4)
FN:55,(anonymous_5)
FN:63,(anonymous_6)
FN:74,(anonymous_7)
FN:87,(anonymous_8)
FN:97,oo_cm
FNF:10
FNH:7
FNDA:1,(anonymous_0)
FNDA:1,(anonymous_1)
FNDA:1,(anonymous_2)
FNDA:2,(anonymous_3)
FNDA:1,(anonymous_4)
FNDA:1,(anonymous_5)
FNDA:1,(anonymous_6)
FNDA:0,(anonymous_7)
FNDA:0,(anonymous_8)
FNDA:0,oo_cm
DA:3,1
DA:4,1
DA:5,1
DA:7,1
DA:8,1
DA:10,1
DA:13,1
DA:14,1
DA:22,1
DA:23,1
DA:31,1
DA:32,1
DA:33,1
DA:37,1
DA:38,2
DA:39,2
DA:40,1
DA:41,1
DA:45,1
DA:46,1
DA:47,1
DA:48,1
DA:50,0
DA:55,1
DA:56,1
DA:57,1
DA:58,0
DA:59,1
DA:63,1
DA:64,1
DA:65,1
DA:66,1
DA:67,1
DA:69,0
DA:74,1
DA:75,0
DA:76,0
DA:77,0
DA:78,0
DA:80,0
DA:84,1
DA:86,1
DA:87,0
DA:88,0
DA:97,0
LF:45
LH:34
BRDA:8,0,0,1
BRDA:8,0,1,1
BRDA:39,1,0,1
BRDA:39,1,1,1
BRDA:57,2,0,0
BRDA:57,2,1,1
BRDA:86,3,0,0
BRDA:86,3,1,1
BRDA:97,4,0,0
BRDA:97,4,1,0
BRF:10
BRH:6
end_of_record
TN:
SF:src\math.js
FN:3,(anonymous_0)
FN:9,(anonymous_1)
FN:15,(anonymous_2)
FN:21,(anonymous_3)
FN:28,(anonymous_4)
FN:34,(anonymous_5)
FNF:6
FNH:6
FNDA:4,(anonymous_0)
FNDA:2,(anonymous_1)
FNDA:3,(anonymous_2)
FNDA:3,(anonymous_3)
FNDA:3,(anonymous_4)
FNDA:7,(anonymous_5)
DA:3,2
DA:4,4
DA:5,1
DA:6,3
DA:9,2
DA:10,2
DA:11,0
DA:12,2
DA:15,2
DA:16,3
DA:17,0
DA:18,3
DA:21,2
DA:22,3
DA:23,0
DA:24,3
DA:25,2
DA:28,2
DA:29,3
DA:30,0
DA:31,3
DA:34,2
DA:35,7
DA:36,1
DA:37,6
DA:38,4
DA:41,2
LF:27
LH:23
BRDA:4,0,0,1
BRDA:4,0,1,3
BRDA:4,1,0,4
BRDA:4,1,1,3
BRDA:10,2,0,0
BRDA:10,2,1,2
BRDA:10,3,0,2
BRDA:10,3,1,2
BRDA:16,4,0,0
BRDA:16,4,1,3
BRDA:16,5,0,3
BRDA:16,5,1,3
BRDA:22,6,0,0
BRDA:22,6,1,3
BRDA:22,7,0,3
BRDA:22,7,1,3
BRDA:24,8,0,1
BRDA:24,8,1,2
BRDA:29,9,0,0
BRDA:29,9,1,3
BRDA:35,10,0,1
BRDA:35,10,1,6
BRDA:35,11,0,7
BRDA:35,11,1,7
BRDA:37,12,0,2
BRDA:37,12,1,4
BRDA:37,13,0,6
BRDA:37,13,1,5
BRF:28
BRH:24
end_of_record
TN:
SF:src\userService.js
FN:11,(anonymous_0)
FN:13,(anonymous_1)
FN:13,(anonymous_2)
FN:15,(anonymous_3)
FN:19,(anonymous_4)
FN:39,(anonymous_5)
FN:40,(anonymous_6)
FN:46,(anonymous_7)
FNF:8
FNH:8
FNDA:2,(anonymous_0)
FNDA:4,(anonymous_1)
FNDA:8,(anonymous_2)
FNDA:5,(anonymous_3)
FNDA:10,(anonymous_4)
FNDA:3,(anonymous_5)
FNDA:5,(anonymous_6)
FNDA:17,(anonymous_7)
DA:3,2
DA:9,2
DA:11,2
DA:13,8
DA:15,2
DA:16,5
DA:17,1
DA:19,10
DA:20,4
DA:21,1
DA:23,3
DA:24,3
DA:25,0
DA:27,3
DA:35,3
DA:36,3
DA:39,2
DA:40,5
DA:41,3
DA:42,2
DA:43,2
DA:46,2
DA:47,17
DA:52,17
DA:55,2
LF:25
LH:24
BRDA:13,0,0,4
BRDA:13,0,1,2
BRDA:16,1,0,1
BRDA:16,1,1,4
BRDA:16,2,0,5
BRDA:16,2,1,5
BRDA:16,2,2,4
BRDA:20,3,0,1
BRDA:20,3,1,3
BRDA:24,4,0,0
BRDA:24,4,1,3
BRDA:32,5,0,3
BRDA:32,5,1,3
BRDA:41,6,0,1
BRDA:41,6,1,2
BRF:15
BRH:14
end_of_record
